# Logfile created on 2014-03-14 16:31:32 -0500 by logger.rb/41954
I, [2014-03-14T16:31:32.563334 #42581]  INFO -- : 0:  addressable (2.3.5) from /Users/willstrinz/.rvm/gems/ruby-2.0.0-p353/specifications/addressable-2.3.5.gemspec
I, [2014-03-14T16:31:32.563706 #42581]  INFO -- : 0:  multipart-post (2.0.0) from /Users/willstrinz/.rvm/gems/ruby-2.0.0-p353/specifications/multipart-post-2.0.0.gemspec
I, [2014-03-14T16:31:32.563953 #42581]  INFO -- : 0:  faraday (0.9.0) from /Users/willstrinz/.rvm/gems/ruby-2.0.0-p353/specifications/faraday-0.9.0.gemspec
I, [2014-03-14T16:31:32.564190 #42581]  INFO -- : 0:  tilt (1.4.1) from /Users/willstrinz/.rvm/gems/ruby-2.0.0-p353/specifications/tilt-1.4.1.gemspec
I, [2014-03-14T16:31:32.564422 #42581]  INFO -- : 0:  haml (4.0.4) from /Users/willstrinz/.rvm/gems/ruby-2.0.0-p353/specifications/haml-4.0.4.gemspec
I, [2014-03-14T16:31:32.564647 #42581]  INFO -- : 0:  hashie (2.0.5) from /Users/willstrinz/.rvm/gems/ruby-2.0.0-p353/specifications/hashie-2.0.5.gemspec
I, [2014-03-14T16:31:32.564890 #42581]  INFO -- : 0:  httpauth (0.2.1) from /Users/willstrinz/.rvm/gems/ruby-2.0.0-p353/specifications/httpauth-0.2.1.gemspec
I, [2014-03-14T16:31:32.565113 #42581]  INFO -- : 0:  multi_json (1.8.4) from /Users/willstrinz/.rvm/gems/ruby-2.0.0-p353/specifications/multi_json-1.8.4.gemspec
I, [2014-03-14T16:31:32.565292 #42581]  INFO -- : 0:  jwt (0.1.11) from /Users/willstrinz/.rvm/gems/ruby-2.0.0-p353/specifications/jwt-0.1.11.gemspec
I, [2014-03-14T16:31:32.565477 #42581]  INFO -- : 0:  mime-types (1.23) from /Users/willstrinz/.rvm/gems/ruby-2.0.0-p353/specifications/mime-types-1.23.gemspec
I, [2014-03-14T16:31:32.565675 #42581]  INFO -- : 0:  rack (1.4.5) from /Users/willstrinz/.rvm/gems/ruby-2.0.0-p353/specifications/rack-1.4.5.gemspec
I, [2014-03-14T16:31:32.565883 #42581]  INFO -- : 0:  oauth2 (0.8.1) from /Users/willstrinz/.rvm/gems/ruby-2.0.0-p353/specifications/oauth2-0.8.1.gemspec
I, [2014-03-14T16:31:32.566066 #42581]  INFO -- : 0:  sawyer (0.5.3) from /Users/willstrinz/.rvm/gems/ruby-2.0.0-p353/specifications/sawyer-0.5.3.gemspec
I, [2014-03-14T16:31:32.566254 #42581]  INFO -- : 0:  octokit (2.7.2) from /Users/willstrinz/.rvm/gems/ruby-2.0.0-p353/specifications/octokit-2.7.2.gemspec
I, [2014-03-14T16:31:32.566433 #42581]  INFO -- : 0:  omniauth (1.1.4) from /Users/willstrinz/.rvm/gems/ruby-2.0.0-p353/specifications/omniauth-1.1.4.gemspec
I, [2014-03-14T16:31:32.566605 #42581]  INFO -- : 0:  omniauth-oauth2 (1.1.1) from /Users/willstrinz/.rvm/gems/ruby-2.0.0-p353/specifications/omniauth-oauth2-1.1.1.gemspec
I, [2014-03-14T16:31:32.566777 #42581]  INFO -- : 0:  omniauth-github (1.1.1) from /Users/willstrinz/.rvm/gems/ruby-2.0.0-p353/specifications/omniauth-github-1.1.1.gemspec
I, [2014-03-14T16:31:32.566980 #42581]  INFO -- : 0:  rack-protection (1.5.1) from /Users/willstrinz/.rvm/gems/ruby-2.0.0-p353/specifications/rack-protection-1.5.1.gemspec
I, [2014-03-14T16:31:32.567177 #42581]  INFO -- : 0:  rest-client (1.6.7) from /Users/willstrinz/.rvm/gems/ruby-2.0.0-p353/specifications/rest-client-1.6.7.gemspec
I, [2014-03-14T16:31:32.567380 #42581]  INFO -- : 0:  sinatra (1.4.4) from /Users/willstrinz/.rvm/gems/ruby-2.0.0-p353/specifications/sinatra-1.4.4.gemspec
I, [2014-03-14T16:31:32.567546 #42581]  INFO -- : 0:  bundler (1.5.1) from /Users/willstrinz/.rvm/gems/ruby-2.0.0-p353@global/specifications/bundler-1.5.1.gemspec
I, [2014-03-21T09:06:41.970909 #1683]  INFO -- : 0:  addressable (2.3.5) from /Users/willstrinz/.rvm/gems/ruby-2.0.0-p353/specifications/addressable-2.3.5.gemspec
I, [2014-03-21T09:06:41.971839 #1683]  INFO -- : 0:  multipart-post (2.0.0) from /Users/willstrinz/.rvm/gems/ruby-2.0.0-p353/specifications/multipart-post-2.0.0.gemspec
I, [2014-03-21T09:06:41.972105 #1683]  INFO -- : 0:  faraday (0.9.0) from /Users/willstrinz/.rvm/gems/ruby-2.0.0-p353/specifications/faraday-0.9.0.gemspec
I, [2014-03-21T09:06:41.972317 #1683]  INFO -- : 0:  tilt (1.4.1) from /Users/willstrinz/.rvm/gems/ruby-2.0.0-p353/specifications/tilt-1.4.1.gemspec
I, [2014-03-21T09:06:41.972564 #1683]  INFO -- : 0:  haml (4.0.4) from /Users/willstrinz/.rvm/gems/ruby-2.0.0-p353/specifications/haml-4.0.4.gemspec
I, [2014-03-21T09:06:41.972772 #1683]  INFO -- : 0:  hashie (2.0.5) from /Users/willstrinz/.rvm/gems/ruby-2.0.0-p353/specifications/hashie-2.0.5.gemspec
I, [2014-03-21T09:06:41.972958 #1683]  INFO -- : 0:  httpauth (0.2.1) from /Users/willstrinz/.rvm/gems/ruby-2.0.0-p353/specifications/httpauth-0.2.1.gemspec
I, [2014-03-21T09:06:41.973242 #1683]  INFO -- : 0:  multi_json (1.8.4) from /Users/willstrinz/.rvm/gems/ruby-2.0.0-p353/specifications/multi_json-1.8.4.gemspec
I, [2014-03-21T09:06:41.973518 #1683]  INFO -- : 0:  jwt (0.1.11) from /Users/willstrinz/.rvm/gems/ruby-2.0.0-p353/specifications/jwt-0.1.11.gemspec
I, [2014-03-21T09:06:41.973732 #1683]  INFO -- : 0:  mime-types (1.23) from /Users/willstrinz/.rvm/gems/ruby-2.0.0-p353/specifications/mime-types-1.23.gemspec
I, [2014-03-21T09:06:41.973923 #1683]  INFO -- : 0:  rack (1.4.5) from /Users/willstrinz/.rvm/gems/ruby-2.0.0-p353/specifications/rack-1.4.5.gemspec
I, [2014-03-21T09:06:41.974197 #1683]  INFO -- : 0:  oauth2 (0.8.1) from /Users/willstrinz/.rvm/gems/ruby-2.0.0-p353/specifications/oauth2-0.8.1.gemspec
I, [2014-03-21T09:06:41.974472 #1683]  INFO -- : 0:  sawyer (0.5.3) from /Users/willstrinz/.rvm/gems/ruby-2.0.0-p353/specifications/sawyer-0.5.3.gemspec
I, [2014-03-21T09:06:41.974666 #1683]  INFO -- : 0:  octokit (2.7.2) from /Users/willstrinz/.rvm/gems/ruby-2.0.0-p353/specifications/octokit-2.7.2.gemspec
I, [2014-03-21T09:06:41.974853 #1683]  INFO -- : 0:  omniauth (1.1.4) from /Users/willstrinz/.rvm/gems/ruby-2.0.0-p353/specifications/omniauth-1.1.4.gemspec
I, [2014-03-21T09:06:41.975032 #1683]  INFO -- : 0:  omniauth-oauth2 (1.1.1) from /Users/willstrinz/.rvm/gems/ruby-2.0.0-p353/specifications/omniauth-oauth2-1.1.1.gemspec
I, [2014-03-21T09:06:41.975295 #1683]  INFO -- : 0:  omniauth-github (1.1.1) from /Users/willstrinz/.rvm/gems/ruby-2.0.0-p353/specifications/omniauth-github-1.1.1.gemspec
I, [2014-03-21T09:06:41.975540 #1683]  INFO -- : 0:  rack-protection (1.5.1) from /Users/willstrinz/.rvm/gems/ruby-2.0.0-p353/specifications/rack-protection-1.5.1.gemspec
I, [2014-03-21T09:06:41.975743 #1683]  INFO -- : 0:  rest-client (1.6.7) from /Users/willstrinz/.rvm/gems/ruby-2.0.0-p353/specifications/rest-client-1.6.7.gemspec
I, [2014-03-21T09:06:41.975931 #1683]  INFO -- : 0:  sinatra (1.4.4) from /Users/willstrinz/.rvm/gems/ruby-2.0.0-p353/specifications/sinatra-1.4.4.gemspec
I, [2014-03-21T09:06:43.443051 #1683]  INFO -- : 0:  vcr (2.8.0) from /Users/willstrinz/.rvm/gems/ruby-2.0.0-p353/specifications/vcr-2.8.0.gemspec
I, [2014-03-21T09:06:43.443397 #1683]  INFO -- : 0:  bundler (1.5.1) from /Users/willstrinz/.rvm/gems/ruby-2.0.0-p353@global/specifications/bundler-1.5.1.gemspec
I, [2014-03-21T09:57:02.865332 #2928]  INFO -- : 0:  addressable (2.3.5) from /Users/willstrinz/.rvm/gems/ruby-2.0.0-p353/specifications/addressable-2.3.5.gemspec
I, [2014-03-21T09:57:02.866078 #2928]  INFO -- : 0:  multipart-post (2.0.0) from /Users/willstrinz/.rvm/gems/ruby-2.0.0-p353/specifications/multipart-post-2.0.0.gemspec
I, [2014-03-21T09:57:02.866273 #2928]  INFO -- : 0:  faraday (0.9.0) from /Users/willstrinz/.rvm/gems/ruby-2.0.0-p353/specifications/faraday-0.9.0.gemspec
I, [2014-03-21T09:57:02.866466 #2928]  INFO -- : 0:  tilt (1.4.1) from /Users/willstrinz/.rvm/gems/ruby-2.0.0-p353/specifications/tilt-1.4.1.gemspec
I, [2014-03-21T09:57:02.866661 #2928]  INFO -- : 0:  haml (4.0.4) from /Users/willstrinz/.rvm/gems/ruby-2.0.0-p353/specifications/haml-4.0.4.gemspec
I, [2014-03-21T09:57:02.866869 #2928]  INFO -- : 0:  hashie (2.0.5) from /Users/willstrinz/.rvm/gems/ruby-2.0.0-p353/specifications/hashie-2.0.5.gemspec
I, [2014-03-21T09:57:02.867059 #2928]  INFO -- : 0:  httpauth (0.2.1) from /Users/willstrinz/.rvm/gems/ruby-2.0.0-p353/specifications/httpauth-0.2.1.gemspec
I, [2014-03-21T09:57:02.867253 #2928]  INFO -- : 0:  json (1.8.1) from /Users/willstrinz/.rvm/gems/ruby-2.0.0-p353/specifications/json-1.8.1.gemspec
I, [2014-03-21T09:57:03.520429 #2928]  INFO -- : 0:  mixlib-shellout (1.3.0) from /Users/willstrinz/.rvm/gems/ruby-2.0.0-p353/specifications/mixlib-shellout-1.3.0.gemspec
I, [2014-03-21T09:57:10.426970 #2928]  INFO -- : 0:  nokogiri (1.5.11) from /Users/willstrinz/.rvm/gems/ruby-2.0.0-p353/specifications/nokogiri-1.5.11.gemspec
I, [2014-03-21T09:57:11.160627 #2928]  INFO -- : 0:  terminal-table (1.4.5) from /Users/willstrinz/.rvm/gems/ruby-2.0.0-p353/specifications/terminal-table-1.4.5.gemspec
I, [2014-03-21T09:57:11.160964 #2928]  INFO -- : 0:  thor (0.18.1) from /Users/willstrinz/.rvm/gems/ruby-2.0.0-p353/specifications/thor-0.18.1.gemspec
I, [2014-03-21T09:57:13.176899 #2928]  INFO -- : 0:  jenkins_api_client (0.14.1) from /Users/willstrinz/.rvm/gems/ruby-2.0.0-p353/specifications/jenkins_api_client-0.14.1.gemspec
I, [2014-03-21T09:57:13.177230 #2928]  INFO -- : 0:  multi_json (1.8.4) from /Users/willstrinz/.rvm/gems/ruby-2.0.0-p353/specifications/multi_json-1.8.4.gemspec
I, [2014-03-21T09:57:13.177432 #2928]  INFO -- : 0:  jwt (0.1.11) from /Users/willstrinz/.rvm/gems/ruby-2.0.0-p353/specifications/jwt-0.1.11.gemspec
I, [2014-03-21T09:57:13.177634 #2928]  INFO -- : 0:  mime-types (1.23) from /Users/willstrinz/.rvm/gems/ruby-2.0.0-p353/specifications/mime-types-1.23.gemspec
I, [2014-03-21T09:57:13.177847 #2928]  INFO -- : 0:  rack (1.4.5) from /Users/willstrinz/.rvm/gems/ruby-2.0.0-p353/specifications/rack-1.4.5.gemspec
I, [2014-03-21T09:57:13.178068 #2928]  INFO -- : 0:  oauth2 (0.8.1) from /Users/willstrinz/.rvm/gems/ruby-2.0.0-p353/specifications/oauth2-0.8.1.gemspec
I, [2014-03-21T09:57:13.178276 #2928]  INFO -- : 0:  sawyer (0.5.3) from /Users/willstrinz/.rvm/gems/ruby-2.0.0-p353/specifications/sawyer-0.5.3.gemspec
I, [2014-03-21T09:57:13.178482 #2928]  INFO -- : 0:  octokit (2.7.2) from /Users/willstrinz/.rvm/gems/ruby-2.0.0-p353/specifications/octokit-2.7.2.gemspec
I, [2014-03-21T09:57:13.178687 #2928]  INFO -- : 0:  omniauth (1.1.4) from /Users/willstrinz/.rvm/gems/ruby-2.0.0-p353/specifications/omniauth-1.1.4.gemspec
I, [2014-03-21T09:57:13.178894 #2928]  INFO -- : 0:  omniauth-oauth2 (1.1.1) from /Users/willstrinz/.rvm/gems/ruby-2.0.0-p353/specifications/omniauth-oauth2-1.1.1.gemspec
I, [2014-03-21T09:57:13.179102 #2928]  INFO -- : 0:  omniauth-github (1.1.1) from /Users/willstrinz/.rvm/gems/ruby-2.0.0-p353/specifications/omniauth-github-1.1.1.gemspec
I, [2014-03-21T09:57:13.179344 #2928]  INFO -- : 0:  rack-protection (1.5.1) from /Users/willstrinz/.rvm/gems/ruby-2.0.0-p353/specifications/rack-protection-1.5.1.gemspec
I, [2014-03-21T09:57:13.179527 #2928]  INFO -- : 0:  rest-client (1.6.7) from /Users/willstrinz/.rvm/gems/ruby-2.0.0-p353/specifications/rest-client-1.6.7.gemspec
I, [2014-03-21T09:57:13.179750 #2928]  INFO -- : 0:  sinatra (1.4.4) from /Users/willstrinz/.rvm/gems/ruby-2.0.0-p353/specifications/sinatra-1.4.4.gemspec
I, [2014-03-21T09:57:13.179929 #2928]  INFO -- : 0:  vcr (2.8.0) from /Users/willstrinz/.rvm/gems/ruby-2.0.0-p353/specifications/vcr-2.8.0.gemspec
I, [2014-03-21T09:57:13.180101 #2928]  INFO -- : 0:  bundler (1.5.1) from /Users/willstrinz/.rvm/gems/ruby-2.0.0-p353@global/specifications/bundler-1.5.1.gemspec
